2024-12-19 08:13:16,172 - INFO - 开始数据处理...
2024-12-19 08:13:16,172 - INFO - 输入文件: /home/lx/XGBOOST-LSTM-COAL/data/raw/queue_data_offset_sorted_utf8.csv
2024-12-19 08:13:16,172 - INFO - 输出目录: /home/lx/XGBOOST-LSTM-COAL/data/processed/lstm
2024-12-19 08:13:16,331 - WARNING - Dependency not available for matrix_profile, this feature will be disabled!
2024-12-19 08:13:27,755 - INFO - 数据处理完成!
2024-12-19 08:13:27,756 - INFO - 特征矩阵形状: (6748, 10, 96)
2024-12-19 08:13:27,756 - INFO - 标签向量形状: (6748,)
2024-12-19 08:13:27,756 - INFO - 
测试预测数据准备...
2024-12-19 08:13:27,756 - INFO - 
测试案例:
2024-12-19 08:13:27,756 - INFO - 提煤单号: TP210202410160054
2024-12-19 08:13:27,756 - INFO - 煤种编号: YT02WX
2024-12-19 08:13:27,756 - INFO - 排队时间: 2024-10-16 07:05:00
2024-12-19 08:13:27,833 - INFO - 预测序列形状: (1, 1, 96)
2024-12-19 08:13:27,833 - INFO - 
测试案例:
2024-12-19 08:13:27,833 - INFO - 提煤单号: TP210202410160042
2024-12-19 08:13:27,833 - INFO - 煤种编号: YT02WX
2024-12-19 08:13:27,833 - INFO - 排队时间: 2024-10-16 07:05:00
2024-12-19 08:13:27,905 - INFO - 预测序列形状: (1, 1, 96)
2024-12-19 08:13:27,905 - INFO - 
所有处理完成!
